# JRE version: Java(TM) SE Runtime Environment (12.0.1+12) (build 12.0.1+12)
# Java VM: Java HotSpot(TM) 64-Bit Server VM (12.0.1+12, mixed mode, sharing, tiered, compressed oops, g1 gc, windows-amd64)
Heap:
 garbage-first heap   total 118784K, used 9960K [0x00000000a1c00000, 0x0000000100000000)
  region size 1024K, 5 young (5120K), 5 survivors (5120K)
 Metaspace       used 3024K, capacity 5725K, committed 5760K, reserved 1056768K
  class space    used 311K, capacity 610K, committed 640K, reserved 1048576K
GC Heap History (10 events):
Event: 2.013 GC heap after
{Heap after GC invocations=1 (full 0):
 garbage-first heap   total 98304K, used 2743K [0x00000000a1c00000, 0x0000000100000000)
  region size 1024K, 2 young (2048K), 2 survivors (2048K)
 Metaspace       used 2872K, capacity 5621K, committed 5760K, reserved 1056768K
  class space    used 291K, capacity 576K, committed 640K, reserved 1048576K
}
Event: 2.309 GC heap before
{Heap before GC invocations=1 (full 0):
 garbage-first heap   total 98304K, used 59063K [0x00000000a1c00000, 0x0000000100000000)
  region size 1024K, 57 young (58368K), 2 survivors (2048K)
 Metaspace       used 3019K, capacity 5725K, committed 5760K, reserved 1056768K
  class space    used 311K, capacity 610K, committed 640K, reserved 1048576K
}
Event: 2.321 GC heap after
{Heap after GC invocations=2 (full 0):
 garbage-first heap   total 98304K, used 5359K [0x00000000a1c00000, 0x0000000100000000)
  region size 1024K, 5 young (5120K), 5 survivors (5120K)
 Metaspace       used 3019K, capacity 5725K, committed 5760K, reserved 1056768K
  class space    used 311K, capacity 610K, committed 640K, reserved 1048576K
}
Event: 2.378 GC heap before
{Heap before GC invocations=2 (full 0):
 garbage-first heap   total 98304K, used 58607K [0x00000000a1c00000, 0x0000000100000000)
  region size 1024K, 57 young (58368K), 5 survivors (5120K)
 Metaspace       used 3022K, capacity 5725K, committed 5760K, reserved 1056768K
  class space    used 311K, capacity 610K, committed 640K, reserved 1048576K
}
Event: 2.387 GC heap after
{Heap after GC invocations=3 (full 0):
 garbage-first heap   total 98304K, used 5117K [0x00000000a1c00000, 0x0000000100000000)
  region size 1024K, 3 young (3072K), 3 survivors (3072K)
 Metaspace       used 3022K, capacity 5725K, committed 5760K, reserved 1056768K
  class space    used 311K, capacity 610K, committed 640K, reserved 1048576K
}
Event: 2.457 GC heap before
{Heap before GC invocations=3 (full 0):
 garbage-first heap   total 98304K, used 60413K [0x00000000a1c00000, 0x0000000100000000)
  region size 1024K, 57 young (58368K), 3 survivors (3072K)
 Metaspace       used 3024K, capacity 5725K, committed 5760K, reserved 1056768K
  class space    used 311K, capacity 610K, committed 640K, reserved 1048576K
}
Event: 2.461 GC heap after
{Heap after GC invocations=4 (full 0):
 garbage-first heap   total 98304K, used 6020K [0x00000000a1c00000, 0x0000000100000000)
  region size 1024K, 4 young (4096K), 4 survivors (4096K)
 Metaspace       used 3024K, capacity 5725K, committed 5760K, reserved 1056768K
  class space    used 311K, capacity 610K, committed 640K, reserved 1048576K
}
Event: 2.513 GC heap before
{Heap before GC invocations=4 (full 0):
 garbage-first heap   total 98304K, used 60292K [0x00000000a1c00000, 0x0000000100000000)
  region size 1024K, 57 young (58368K), 4 survivors (4096K)
 Metaspace       used 3024K, capacity 5725K, committed 5760K, reserved 1056768K
  class space    used 311K, capacity 610K, committed 640K, reserved 1048576K
}
Event: 2.523 GC heap after
{Heap after GC invocations=5 (full 0):
 garbage-first heap   total 98304K, used 8670K [0x00000000a1c00000, 0x0000000100000000)
  region size 1024K, 6 young (6144K), 6 survivors (6144K)
 Metaspace       used 3024K, capacity 5725K, committed 5760K, reserved 1056768K
  class space    used 311K, capacity 610K, committed 640K, reserved 1048576K
}
Event: 2.557 GC heap before
{Heap before GC invocations=5 (full 0):
 garbage-first heap   total 98304K, used 60894K [0x00000000a1c00000, 0x0000000100000000)
  region size 1024K, 57 young (58368K), 6 survivors (6144K)
 Metaspace       used 3024K, capacity 5725K, committed 5760K, reserved 1056768K
  class space    used 311K, capacity 610K, committed 640K, reserved 1048576K
}

